Added Class: Name=mounting_circuit(2)
Added Class: Name=mounting_circuit(3)
Added Class: Name=mounting_circuit(4)
Add Class Member: Failed to add class member : Component 1 Comment
Add Class Member: Failed to add class member : Component 2 Comment
Add Class Member: Failed to add class member : Component 3 Comment
Add Class Member: Failed to add class member : Component 8 Comment
Add Class Member: Failed to add class member : Component 9 1
Add Class Member: Failed to add class member : Component 10 Comment
Add Class Member: Failed to add class member : Component 20 Comment
Add Class Member: Failed to add class member : Component 21 Comment
Add Class Member: Failed to add class member : Component 22 Comment
Add Class Member: Failed to add class member : Component 23 Comment
Add Class Member: Failed to add class member : Component 24 0
Add Class Member: Failed to add class member : Component 39 Comment
Add Class Member: Failed to add class member : Component 40 0
Add Class Member: Failed to add class member : Component 41 Comment
Add Class Member: Failed to add class member : Component 42 Comment
Add Class Member: Failed to add class member : Component 43 Comment
Add Class Member: Failed to add class member : Component res800G MCA12060D8000BP500
Add Class Member: Failed to add class member : Component Res800 MCA12060D8000BP500
Add Class Member: Failed to add class member : Component U6 CD74HC4067M96
Add Class Member: Failed to add class member : Component U10 CD74HC4067M96
Add Class Member: Failed to add class member : Component Zener MM3Z5V6ST1G
Added Room: Name=circuit
