Added Component: Designator=806(FP-RT1206-MFG)
Add component (AddParameter): Name = "Automotive"; Value = "No"; VariantName = "[No Variations]"
Add component (AddParameter): Name = "Category"; Value = "Res"; VariantName = "[No Variations]"
Add component (AddParameter): Name = "ComponentLink2Description"; Value = "Datasheet"; VariantName = "[No Variations]"
Add component (AddParameter): Name = "ComponentLink2URL"; Value = "http://www.yageo.com/documents/recent/PYu-RT_1-to-0.01_RoHS_L_9.pdf"; VariantName = "[No Variations]"
Add component (AddParameter): Name = "Composition"; Value = "Thin Film"; VariantName = "[No Variations]"
Add component (AddParameter): Name = "Device Class L1"; Value = "Passive Components"; VariantName = "[No Variations]"
Add component (AddParameter): Name = "Device Class L2"; Value = "Resistors"; VariantName = "[No Variations]"
Add component (AddParameter): Name = "Device Class L3"; Value = "Chip SMD Resistors"; VariantName = "[No Variations]"
Add component (AddParameter): Name = "Digikey Description"; Value = "RES SMD 806K OHM 0.5% 1/4W 1206"; VariantName = "[No Variations]"
Add component (AddParameter): Name = "Footprint Url"; Value = "http://www.yageo.com/exep/pages/download/literatures/PYu-R_Mount_10.pdf"; VariantName = "[No Variations]"
Add component (AddParameter): Name = "Height"; Value = "0.65mm"; VariantName = "[No Variations]"
Add component (AddParameter): Name = "Ipc Land Pattern Name"; Value = "RESC310160X55"; VariantName = "[No Variations]"
Add component (AddParameter): Name = "Lead Free"; Value = "Yes"; VariantName = "[No Variations]"
Add component (AddParameter): Name = "Manufacturer"; Value = "Yageo"; VariantName = "[No Variations]"
Add component (AddParameter): Name = "Manufacturer Part Number"; Value = "RT1206DRE07806KL"; VariantName = "[No Variations]"
Add component (AddParameter): Name = "Octopart"; Value = "https://octopart.com/rt1206dre07806kl-yageo-1420508"; VariantName = "[No Variations]"
Add component (AddParameter): Name = "Package"; Value = "RT1206"; VariantName = "[No Variations]"
Add component (AddParameter): Name = "Power Rating"; Value = "0.25W"; VariantName = "[No Variations]"
Add component (AddParameter): Name = "Resistance"; Value = "806KO"; VariantName = "[No Variations]"
Add component (AddParameter): Name = "RoHS"; Value = "TRUE"; VariantName = "[No Variations]"
Add component (AddParameter): Name = "Series"; Value = "RT"; VariantName = "[No Variations]"
Add component (AddParameter): Name = "Temperature"; Value = "-55°C to +155°C"; VariantName = "[No Variations]"
Add component (AddParameter): Name = "Temperature Coefficient"; Value = "50 ppm/°C"; VariantName = "[No Variations]"
Add component (AddParameter): Name = "Temperature Range High"; Value = "+155°C"; VariantName = "[No Variations]"
Add component (AddParameter): Name = "Temperature Range Low"; Value = "-55°C"; VariantName = "[No Variations]"
Add component (AddParameter): Name = "Tolerance"; Value = "0.0001"; VariantName = "[No Variations]"
Add component (AddParameter): Name = "Value"; Value = "806KO"; VariantName = "[No Variations]"
Add component (AddParameter): Name = "Voltage Rating"; Value = "200V"; VariantName = "[No Variations]"
Added Pin To Net: NetName=Net82k (1)_2 Pin=806-1
Added Pin To Net: NetName=Net806_2 Pin=806-2
Added Pin To Net: NetName=Net806_2 Pin=C1-2
Added Pin To Net: NetName=Net806_2 Pin=u2-6
Added Net: Name=Net806_2
Added Member To Class: ClassName=mounting_circuit Member=Component 1 Comment
Added Member To Class: ClassName=mounting_circuit Member=Component 2 Comment
Added Member To Class: ClassName=mounting_circuit Member=Component 3 Comment
Added Member To Class: ClassName=mounting_circuit(4) Member=Component 4 Comment
Added Member To Class: ClassName=mounting_circuit(3) Member=Component 5 Comment
Added Member To Class: ClassName=mounting_circuit(3) Member=Component 6 0
Added Member To Class: ClassName=mounting_circuit(2) Member=Component 7 Comment
Added Member To Class: ClassName=mounting_circuit Member=Component 8 Comment
Added Member To Class: ClassName=mounting_circuit Member=Component 9 1
Added Member To Class: ClassName=mounting_circuit Member=Component 10 Comment
Added Member To Class: ClassName=mounting_circuit(4) Member=Component 11 1
Added Member To Class: ClassName=mounting_circuit(4) Member=Component 12 Comment
Added Member To Class: ClassName=mounting_circuit(4) Member=Component 13 Comment
Added Member To Class: ClassName=mounting_circuit(3) Member=Component 14 Comment
Added Member To Class: ClassName=mounting_circuit(3) Member=Component 15 Comment
Added Member To Class: ClassName=mounting_circuit(3) Member=Component 16 Comment
Added Member To Class: ClassName=mounting_circuit(2) Member=Component 17 Comment
Added Member To Class: ClassName=mounting_circuit(2) Member=Component 18 0
Added Member To Class: ClassName=mounting_circuit(2) Member=Component 19 Comment
Added Member To Class: ClassName=mounting_circuit Member=Component 20 Comment
Added Member To Class: ClassName=mounting_circuit Member=Component 21 Comment
Added Member To Class: ClassName=mounting_circuit Member=Component 22 Comment
Added Member To Class: ClassName=mounting_circuit Member=Component 23 Comment
Added Member To Class: ClassName=mounting_circuit Member=Component 24 0
Added Member To Class: ClassName=mounting_circuit(4) Member=Component 25 0
Added Member To Class: ClassName=mounting_circuit(4) Member=Component 26 Comment
Added Member To Class: ClassName=mounting_circuit(4) Member=Component 27 Comment
Added Member To Class: ClassName=mounting_circuit(4) Member=Component 28 Comment
Added Member To Class: ClassName=mounting_circuit(3) Member=Component 29 Comment
Added Member To Class: ClassName=mounting_circuit(3) Member=Component 30 Comment
Added Member To Class: ClassName=mounting_circuit(3) Member=Component 31 Comment
Added Member To Class: ClassName=mounting_circuit(3) Member=Component 32 Comment
Added Member To Class: ClassName=mounting_circuit(3) Member=Component 33 Comment
Added Member To Class: ClassName=mounting_circuit(2) Member=Component 34 Comment
Added Member To Class: ClassName=mounting_circuit(2) Member=Component 35 Comment
Added Member To Class: ClassName=mounting_circuit(2) Member=Component 36 Comment
Added Member To Class: ClassName=mounting_circuit(2) Member=Component 37 Comment
Added Member To Class: ClassName=mounting_circuit(2) Member=Component 38 1
Added Member To Class: ClassName=mounting_circuit Member=Component 39 Comment
Added Member To Class: ClassName=mounting_circuit Member=Component 40 0
Added Member To Class: ClassName=mounting_circuit Member=Component 41 Comment
Added Member To Class: ClassName=mounting_circuit Member=Component 42 Comment
Added Member To Class: ClassName=mounting_circuit Member=Component 43 Comment
Added Member To Class: ClassName=mounting_circuit(4) Member=Component 44 0
Added Member To Class: ClassName=mounting_circuit(4) Member=Component 45 Comment
Added Member To Class: ClassName=mounting_circuit(4) Member=Component 46 Comment
Added Member To Class: ClassName=mounting_circuit(4) Member=Component 47 Comment
Added Member To Class: ClassName=mounting_circuit(4) Member=Component 48 Comment
Added Member To Class: ClassName=mounting_circuit(3) Member=Component 49 0
Added Member To Class: ClassName=mounting_circuit(3) Member=Component 50 Comment
Added Member To Class: ClassName=mounting_circuit(3) Member=Component 51 1
Added Member To Class: ClassName=mounting_circuit(3) Member=Component 52 Comment
Added Member To Class: ClassName=mounting_circuit(3) Member=Component 53 Comment
Added Member To Class: ClassName=mounting_circuit(3) Member=Component 54 Comment
Added Member To Class: ClassName=mounting_circuit(2) Member=Component 55 0
Added Member To Class: ClassName=mounting_circuit(2) Member=Component 56 Comment
Added Member To Class: ClassName=mounting_circuit(2) Member=Component 57 Comment
Added Member To Class: ClassName=mounting_circuit(2) Member=Component 58 Comment
Added Member To Class: ClassName=mounting_circuit(2) Member=Component 59 Comment
Added Member To Class: ClassName=circuit Member=Component 806 RT1206DRE07806KL
Added Member To Class: ClassName=mounting_circuit(2) Member=Component extra 1 Comment
Added Member To Class: ClassName=mounting_circuit(2) Member=Component extra 2 Comment
Added Member To Class: ClassName=mounting_circuit(4) Member=Component extra3 Comment
Added Member To Class: ClassName=mounting_circuit(4) Member=Component extra4 Comment
Added Member To Class: ClassName=mounting_circuit(4) Member=Component extra5 Comment
Added Member To Class: ClassName=mounting_circuit Member=Component res800G MCA12060D8000BP500
Added Member To Class: ClassName=mounting_circuit Member=Component Res800 MCA12060D8000BP500
Added Member To Class: ClassName=mounting_circuit(4) Member=Component U3 CD74HC4067M96
Added Member To Class: ClassName=mounting_circuit(3) Member=Component U4 CD74HC4067M96
Added Member To Class: ClassName=mounting_circuit(2) Member=Component U5 CD74HC4067M96
Added Member To Class: ClassName=mounting_circuit Member=Component U6 CD74HC4067M96
Added Member To Class: ClassName=mounting_circuit(4) Member=Component U7 CD74HC4067M96
Added Member To Class: ClassName=mounting_circuit(3) Member=Component U8 CD74HC4067M96
Added Member To Class: ClassName=mounting_circuit(2) Member=Component U9 CD74HC4067M96
Added Member To Class: ClassName=mounting_circuit Member=Component U10 CD74HC4067M96
Added Member To Class: ClassName=mounting_circuit Member=Component Zener MM3Z5V6ST1G
